2025-12-02 10:09:53,338 INFO    MainThread:20096 [wandb_setup.py:_flush():80] Current SDK version is 0.23.0
2025-12-02 10:09:53,338 INFO    MainThread:20096 [wandb_setup.py:_flush():80] Configure stats pid to 20096
2025-12-02 10:09:53,338 INFO    MainThread:20096 [wandb_setup.py:_flush():80] Loading settings from C:\Users\Asus\.config\wandb\settings
2025-12-02 10:09:53,338 INFO    MainThread:20096 [wandb_setup.py:_flush():80] Loading settings from F:\Codes\Wd-Pred\wandb\settings
2025-12-02 10:09:53,338 INFO    MainThread:20096 [wandb_setup.py:_flush():80] Loading settings from environment variables
2025-12-02 10:09:53,338 INFO    MainThread:20096 [wandb_init.py:setup_run_log_directory():713] Logging user logs to F:\Codes\Wd-Pred\wandb\run-20251202_100953-1sdamzlo\logs\debug.log
2025-12-02 10:09:53,338 INFO    MainThread:20096 [wandb_init.py:setup_run_log_directory():714] Logging internal logs to F:\Codes\Wd-Pred\wandb\run-20251202_100953-1sdamzlo\logs\debug-internal.log
2025-12-02 10:09:53,338 INFO    MainThread:20096 [wandb_init.py:init():840] calling init triggers
2025-12-02 10:09:53,338 INFO    MainThread:20096 [wandb_init.py:init():845] wandb.init called with sweep_config: {}
config: {'model_type': 'Transformer (Guess Seq) - fixed', 'look_back': 5, 'batch_size': 1024, 'epochs': 20, 'learning_rate': 0.0005, 'project_dim': 24, 'num_heads': 4, 'ff_dim': 24, 'transformer_layers': 1, 'dropout_rate': 0.35, 'embedding_dim': 16, 'seed': 2009, 'guess_sequence_len': 6, 'guess_feat_len': 8, '_wandb': {}}
2025-12-02 10:09:53,338 INFO    MainThread:20096 [wandb_init.py:init():888] starting backend
2025-12-02 10:09:53,588 INFO    Thread-8 (wrapped_target):20096 [retry.py:__call__():164] [no run ID] Retry attempt failed:
Traceback (most recent call last):
  File "D:\Python\Python312\Lib\site-packages\urllib3\connection.py", line 198, in _new_conn
    sock = connection.create_connection(
           ^^^^^^^^^^^^^^^^^^^^^^^^^^^^^
  File "D:\Python\Python312\Lib\site-packages\urllib3\util\connection.py", line 85, in create_connection
    raise err
  File "D:\Python\Python312\Lib\site-packages\urllib3\util\connection.py", line 73, in create_connection
    sock.connect(sa)
ConnectionRefusedError: [WinError 10061] 由于目标计算机积极拒绝，无法连接。

The above exception was the direct cause of the following exception:

Traceback (most recent call last):
  File "D:\Python\Python312\Lib\site-packages\urllib3\connectionpool.py", line 773, in urlopen
    self._prepare_proxy(conn)
  File "D:\Python\Python312\Lib\site-packages\urllib3\connectionpool.py", line 1042, in _prepare_proxy
    conn.connect()
  File "D:\Python\Python312\Lib\site-packages\urllib3\connection.py", line 704, in connect
    self.sock = sock = self._new_conn()
                       ^^^^^^^^^^^^^^^^
  File "D:\Python\Python312\Lib\site-packages\urllib3\connection.py", line 213, in _new_conn
    raise NewConnectionError(
urllib3.exceptions.NewConnectionError: <urllib3.connection.HTTPSConnection object at 0x0000025C49D82B10>: Failed to establish a new connection: [WinError 10061] 由于目标计算机积极拒绝，无法连接。

The above exception was the direct cause of the following exception:

urllib3.exceptions.ProxyError: ('Unable to connect to proxy', NewConnectionError('<urllib3.connection.HTTPSConnection object at 0x0000025C49D82B10>: Failed to establish a new connection: [WinError 10061] 由于目标计算机积极拒绝，无法连接。'))

The above exception was the direct cause of the following exception:

Traceback (most recent call last):
  File "D:\Python\Python312\Lib\site-packages\requests\adapters.py", line 667, in send
    resp = conn.urlopen(
           ^^^^^^^^^^^^^
  File "D:\Python\Python312\Lib\site-packages\urllib3\connectionpool.py", line 841, in urlopen
    retries = retries.increment(
              ^^^^^^^^^^^^^^^^^^
  File "D:\Python\Python312\Lib\site-packages\urllib3\util\retry.py", line 519, in increment
    raise MaxRetryError(_pool, url, reason) from reason  # type: ignore[arg-type]
    ^^^^^^^^^^^^^^^^^^^^^^^^^^^^^^^^^^^^^^^^^^^^^^^^^^^
urllib3.exceptions.MaxRetryError: HTTPSConnectionPool(host='api.wandb.ai', port=443): Max retries exceeded with url: /graphql (Caused by ProxyError('Unable to connect to proxy', NewConnectionError('<urllib3.connection.HTTPSConnection object at 0x0000025C49D82B10>: Failed to establish a new connection: [WinError 10061] 由于目标计算机积极拒绝，无法连接。')))

During handling of the above exception, another exception occurred:

Traceback (most recent call last):
  File "D:\Python\Python312\Lib\site-packages\wandb\sdk\lib\retry.py", line 157, in __call__
    result = self._call_fn(*args, **kwargs)
             ^^^^^^^^^^^^^^^^^^^^^^^^^^^^^^
  File "D:\Python\Python312\Lib\site-packages\wandb\sdk\internal\internal_api.py", line 391, in execute
    return self.client.execute(*args, **kwargs)  # type: ignore
           ^^^^^^^^^^^^^^^^^^^^^^^^^^^^^^^^^^^^
  File "D:\Python\Python312\Lib\site-packages\wandb\vendor\gql-0.2.0\wandb_gql\client.py", line 52, in execute
    result = self._get_result(document, *args, **kwargs)
             ^^^^^^^^^^^^^^^^^^^^^^^^^^^^^^^^^^^^^^^^^^^
  File "D:\Python\Python312\Lib\site-packages\wandb\vendor\gql-0.2.0\wandb_gql\client.py", line 60, in _get_result
    return self.transport.execute(document, *args, **kwargs)
           ^^^^^^^^^^^^^^^^^^^^^^^^^^^^^^^^^^^^^^^^^^^^^^^^^
  File "D:\Python\Python312\Lib\site-packages\wandb\sdk\lib\gql_request.py", line 70, in execute
    request = self.session.post(self.url, **post_args)
              ^^^^^^^^^^^^^^^^^^^^^^^^^^^^^^^^^^^^^^^^
  File "D:\Python\Python312\Lib\site-packages\requests\sessions.py", line 637, in post
    return self.request("POST", url, data=data, json=json, **kwargs)
           ^^^^^^^^^^^^^^^^^^^^^^^^^^^^^^^^^^^^^^^^^^^^^^^^^^^^^^^^^
  File "D:\Python\Python312\Lib\site-packages\requests\sessions.py", line 589, in request
    resp = self.send(prep, **send_kwargs)
           ^^^^^^^^^^^^^^^^^^^^^^^^^^^^^^
  File "D:\Python\Python312\Lib\site-packages\requests\sessions.py", line 703, in send
    r = adapter.send(request, **kwargs)
        ^^^^^^^^^^^^^^^^^^^^^^^^^^^^^^^
  File "D:\Python\Python312\Lib\site-packages\requests\adapters.py", line 694, in send
    raise ProxyError(e, request=request)
requests.exceptions.ProxyError: HTTPSConnectionPool(host='api.wandb.ai', port=443): Max retries exceeded with url: /graphql (Caused by ProxyError('Unable to connect to proxy', NewConnectionError('<urllib3.connection.HTTPSConnection object at 0x0000025C49D82B10>: Failed to establish a new connection: [WinError 10061] 由于目标计算机积极拒绝，无法连接。')))
2025-12-02 10:09:54,938 INFO    MainThread:20096 [wandb_init.py:init():891] sending inform_init request
2025-12-02 10:09:54,972 INFO    MainThread:20096 [wandb_init.py:init():899] backend started and connected
2025-12-02 10:09:54,993 INFO    MainThread:20096 [wandb_init.py:init():969] updated telemetry
2025-12-02 10:09:55,049 INFO    MainThread:20096 [wandb_init.py:init():993] communicating run to backend with 90.0 second timeout
2025-12-02 10:09:56,089 INFO    MainThread:20096 [wandb_init.py:init():1040] starting run threads in backend
2025-12-02 10:09:56,183 INFO    MainThread:20096 [wandb_run.py:_console_start():2504] atexit reg
2025-12-02 10:09:56,183 INFO    MainThread:20096 [wandb_run.py:_redirect():2352] redirect: wrap_raw
2025-12-02 10:09:56,183 INFO    MainThread:20096 [wandb_run.py:_redirect():2421] Wrapping output streams.
2025-12-02 10:09:56,184 INFO    MainThread:20096 [wandb_run.py:_redirect():2444] Redirects installed.
2025-12-02 10:09:56,187 INFO    MainThread:20096 [wandb_init.py:init():1080] run started, returning control to user process
2025-12-02 10:23:03,385 INFO    MainThread:20096 [wandb_run.py:_finish():2270] finishing run anony-mouse-242507206924556988/word-difficulty-prediction/1sdamzlo
2025-12-02 10:23:03,386 INFO    MainThread:20096 [wandb_run.py:_atexit_cleanup():2469] got exitcode: 0
2025-12-02 10:23:03,386 INFO    MainThread:20096 [wandb_run.py:_restore():2451] restore
2025-12-02 10:23:03,386 INFO    MainThread:20096 [wandb_run.py:_restore():2457] restore done
2025-12-02 10:23:05,018 INFO    MainThread:20096 [wandb_run.py:_footer_sync_info():3853] logging synced files
