2025-11-26 23:06:27,152 INFO    StreamThr :37768 [internal.py:wandb_internal():86] W&B internal server running at pid: 37768, started at: 2025-11-26 23:06:27.152270
2025-11-26 23:06:27,152 DEBUG   HandlerThread:37768 [handler.py:handle_request():146] handle_request: status
2025-11-26 23:06:27,157 INFO    WriterThread:37768 [datastore.py:open_for_write():85] open: wandb\wandb\run-20251126_230627-e2k8a6cb\run-e2k8a6cb.wandb
2025-11-26 23:06:27,157 DEBUG   SenderThread:37768 [sender.py:send():380] send: header
2025-11-26 23:06:27,208 DEBUG   SenderThread:37768 [sender.py:send():380] send: run
2025-11-26 23:06:30,594 INFO    SenderThread:37768 [retry.py:__call__():172] Retry attempt failed:
urllib3.exceptions.SSLError: EOF occurred in violation of protocol (_ssl.c:1129)

The above exception was the direct cause of the following exception:

urllib3.exceptions.ProxyError: ('Unable to connect to proxy', SSLError(SSLEOFError(8, 'EOF occurred in violation of protocol (_ssl.c:1129)')))

The above exception was the direct cause of the following exception:

Traceback (most recent call last):
  File "D:\Python\Python39\lib\site-packages\requests\adapters.py", line 644, in send
    resp = conn.urlopen(
  File "D:\Python\Python39\lib\site-packages\urllib3\connectionpool.py", line 841, in urlopen
    retries = retries.increment(
  File "D:\Python\Python39\lib\site-packages\urllib3\util\retry.py", line 519, in increment
    raise MaxRetryError(_pool, url, reason) from reason  # type: ignore[arg-type]
urllib3.exceptions.MaxRetryError: HTTPSConnectionPool(host='api.wandb.ai', port=443): Max retries exceeded with url: /graphql (Caused by ProxyError('Unable to connect to proxy', SSLError(SSLEOFError(8, 'EOF occurred in violation of protocol (_ssl.c:1129)'))))

During handling of the above exception, another exception occurred:

Traceback (most recent call last):
  File "D:\Python\Python39\lib\site-packages\wandb\sdk\lib\retry.py", line 131, in __call__
    result = self._call_fn(*args, **kwargs)
  File "D:\Python\Python39\lib\site-packages\wandb\sdk\internal\internal_api.py", line 366, in execute
    return self.client.execute(*args, **kwargs)  # type: ignore
  File "D:\Python\Python39\lib\site-packages\wandb\vendor\gql-0.2.0\wandb_gql\client.py", line 52, in execute
    result = self._get_result(document, *args, **kwargs)
  File "D:\Python\Python39\lib\site-packages\wandb\vendor\gql-0.2.0\wandb_gql\client.py", line 60, in _get_result
    return self.transport.execute(document, *args, **kwargs)
  File "D:\Python\Python39\lib\site-packages\wandb\sdk\lib\gql_request.py", line 58, in execute
    request = self.session.post(self.url, **post_args)
  File "D:\Python\Python39\lib\site-packages\requests\sessions.py", line 637, in post
    return self.request("POST", url, data=data, json=json, **kwargs)
  File "D:\Python\Python39\lib\site-packages\requests\sessions.py", line 589, in request
    resp = self.send(prep, **send_kwargs)
  File "D:\Python\Python39\lib\site-packages\requests\sessions.py", line 703, in send
    r = adapter.send(request, **kwargs)
  File "D:\Python\Python39\lib\site-packages\requests\adapters.py", line 671, in send
    raise ProxyError(e, request=request)
requests.exceptions.ProxyError: HTTPSConnectionPool(host='api.wandb.ai', port=443): Max retries exceeded with url: /graphql (Caused by ProxyError('Unable to connect to proxy', SSLError(SSLEOFError(8, 'EOF occurred in violation of protocol (_ssl.c:1129)'))))
2025-11-26 23:06:32,246 DEBUG   HandlerThread:37768 [handler.py:handle_request():146] handle_request: keepalive
2025-11-26 23:06:37,297 DEBUG   HandlerThread:37768 [handler.py:handle_request():146] handle_request: keepalive
2025-11-26 23:06:42,323 DEBUG   HandlerThread:37768 [handler.py:handle_request():146] handle_request: keepalive
2025-11-26 23:06:47,352 DEBUG   HandlerThread:37768 [handler.py:handle_request():146] handle_request: keepalive
2025-11-26 23:06:52,379 DEBUG   HandlerThread:37768 [handler.py:handle_request():146] handle_request: keepalive
2025-11-26 23:06:57,394 DEBUG   HandlerThread:37768 [handler.py:handle_request():146] handle_request: keepalive
2025-11-26 23:07:02,428 DEBUG   HandlerThread:37768 [handler.py:handle_request():146] handle_request: keepalive
2025-11-26 23:07:07,456 DEBUG   HandlerThread:37768 [handler.py:handle_request():146] handle_request: keepalive
2025-11-26 23:07:12,492 DEBUG   HandlerThread:37768 [handler.py:handle_request():146] handle_request: keepalive
2025-11-26 23:07:17,528 DEBUG   HandlerThread:37768 [handler.py:handle_request():146] handle_request: keepalive
2025-11-26 23:07:22,547 DEBUG   HandlerThread:37768 [handler.py:handle_request():146] handle_request: keepalive
2025-11-26 23:07:27,586 DEBUG   HandlerThread:37768 [handler.py:handle_request():146] handle_request: keepalive
2025-11-26 23:07:32,637 DEBUG   HandlerThread:37768 [handler.py:handle_request():146] handle_request: keepalive
2025-11-26 23:07:37,689 DEBUG   HandlerThread:37768 [handler.py:handle_request():146] handle_request: keepalive
2025-11-26 23:07:42,734 DEBUG   HandlerThread:37768 [handler.py:handle_request():146] handle_request: keepalive
2025-11-26 23:07:47,769 DEBUG   HandlerThread:37768 [handler.py:handle_request():146] handle_request: keepalive
2025-11-26 23:07:52,794 DEBUG   HandlerThread:37768 [handler.py:handle_request():146] handle_request: keepalive
2025-11-26 23:07:57,824 DEBUG   HandlerThread:37768 [handler.py:handle_request():146] handle_request: cancel
2025-11-26 23:07:57,824 DEBUG   HandlerThread:37768 [handler.py:handle_request():146] handle_request: cancel
2025-11-26 23:07:57,824 DEBUG   SenderThread:37768 [sender.py:send():389] Record cancelled: run
2025-11-26 23:07:57,824 DEBUG   HandlerThread:37768 [handler.py:handle_request():146] handle_request: status_report
2025-11-26 23:07:58,039 DEBUG   HandlerThread:37768 [handler.py:handle_request():146] handle_request: shutdown
2025-11-26 23:07:58,040 INFO    HandlerThread:37768 [handler.py:finish():866] shutting down handler
2025-11-26 23:07:58,831 INFO    WriterThread:37768 [datastore.py:close():294] close: wandb\wandb\run-20251126_230627-e2k8a6cb\run-e2k8a6cb.wandb
2025-11-26 23:07:58,831 INFO    SenderThread:37768 [sender.py:finish():1536] shutting down sender
